# JRE version: OpenJDK Runtime Environment (8.0_202-b03) (build 1.8.0_202-release-1483-b03)
# Java VM: OpenJDK 64-Bit Server VM (25.202-b03 mixed mode windows-amd64 compressed oops)
Heap:
 PSYoungGen      total 53248K, used 35248K [0x00000000e0000000, 0x00000000e4980000, 0x0000000100000000)
  eden space 44032K, 60% used [0x00000000e0000000,0x00000000e19d3958,0x00000000e2b00000)
  from space 9216K, 95% used [0x00000000e4080000,0x00000000e4918900,0x00000000e4980000)
  to   space 11776K, 0% used [0x00000000e3280000,0x00000000e3280000,0x00000000e3e00000)
 ParOldGen       total 67584K, used 16424K [0x00000000a0000000, 0x00000000a4200000, 0x00000000e0000000)
  object space 67584K, 24% used [0x00000000a0000000,0x00000000a100a338,0x00000000a4200000)
 Metaspace       used 45311K, capacity 46272K, committed 46552K, reserved 1089536K
  class space    used 6105K, capacity 6361K, committed 6400K, reserved 1048576K
GC Heap History (10 events):
Event: 23.914 GC heap before
{Heap before GC invocations=8 (full 1):
 PSYoungGen      total 55296K, used 55038K [0x00000000e0000000, 0x00000000e5780000, 0x0000000100000000)
  eden space 48128K, 100% used [0x00000000e0000000,0x00000000e2f00000,0x00000000e2f00000)
  from space 7168K, 96% used [0x00000000e5080000,0x00000000e573fa00,0x00000000e5780000)
  to   space 11264K, 0% used [0x00000000e4180000,0x00000000e4180000,0x00000000e4c80000)
 ParOldGen       total 60928K, used 9513K [0x00000000a0000000, 0x00000000a3b80000, 0x00000000e0000000)
  object space 60928K, 15% used [0x00000000a0000000,0x00000000a094a4e8,0x00000000a3b80000)
 Metaspace       used 33067K, capacity 33548K, committed 33920K, reserved 1079296K
  class space    used 4553K, capacity 4735K, committed 4736K, reserved 1048576K
Event: 23.921 GC heap after
Heap after GC invocations=8 (full 1):
 PSYoungGen      total 55808K, used 8684K [0x00000000e0000000, 0x00000000e5100000, 0x0000000100000000)
  eden space 47104K, 0% used [0x00000000e0000000,0x00000000e0000000,0x00000000e2e00000)
  from space 8704K, 99% used [0x00000000e4180000,0x00000000e49fb120,0x00000000e4a00000)
  to   space 7168K, 0% used [0x00000000e4a00000,0x00000000e4a00000,0x00000000e5100000)
 ParOldGen       total 60928K, used 9521K [0x00000000a0000000, 0x00000000a3b80000, 0x00000000e0000000)
  object space 60928K, 15% used [0x00000000a0000000,0x00000000a094c4e8,0x00000000a3b80000)
 Metaspace       used 33067K, capacity 33548K, committed 33920K, reserved 1079296K
  class space    used 4553K, capacity 4735K, committed 4736K, reserved 1048576K
}
Event: 30.798 GC heap before
{Heap before GC invocations=9 (full 1):
 PSYoungGen      total 55808K, used 42809K [0x00000000e0000000, 0x00000000e5100000, 0x0000000100000000)
  eden space 47104K, 72% used [0x00000000e0000000,0x00000000e21534a0,0x00000000e2e00000)
  from space 8704K, 99% used [0x00000000e4180000,0x00000000e49fb120,0x00000000e4a00000)
  to   space 7168K, 0% used [0x00000000e4a00000,0x00000000e4a00000,0x00000000e5100000)
 ParOldGen       total 60928K, used 9521K [0x00000000a0000000, 0x00000000a3b80000, 0x00000000e0000000)
  object space 60928K, 15% used [0x00000000a0000000,0x00000000a094c4e8,0x00000000a3b80000)
 Metaspace       used 34638K, capacity 35262K, committed 35416K, reserved 1079296K
  class space    used 4762K, capacity 4946K, committed 4992K, reserved 1048576K
Event: 30.808 GC heap after
Heap after GC invocations=9 (full 1):
 PSYoungGen      total 53248K, used 7168K [0x00000000e0000000, 0x00000000e5100000, 0x0000000100000000)
  eden space 46080K, 0% used [0x00000000e0000000,0x00000000e0000000,0x00000000e2d00000)
  from space 7168K, 100% used [0x00000000e4a00000,0x00000000e5100000,0x00000000e5100000)
  to   space 11776K, 0% used [0x00000000e3a00000,0x00000000e3a00000,0x00000000e4580000)
 ParOldGen       total 60928K, used 12084K [0x00000000a0000000, 0x00000000a3b80000, 0x00000000e0000000)
  object space 60928K, 19% used [0x00000000a0000000,0x00000000a0bcd250,0x00000000a3b80000)
 Metaspace       used 34638K, capacity 35262K, committed 35416K, reserved 1079296K
  class space    used 4762K, capacity 4946K, committed 4992K, reserved 1048576K
}
Event: 30.808 GC heap before
{Heap before GC invocations=10 (full 2):
 PSYoungGen      total 53248K, used 7168K [0x00000000e0000000, 0x00000000e5100000, 0x0000000100000000)
  eden space 46080K, 0% used [0x00000000e0000000,0x00000000e0000000,0x00000000e2d00000)
  from space 7168K, 100% used [0x00000000e4a00000,0x00000000e5100000,0x00000000e5100000)
  to   space 11776K, 0% used [0x00000000e3a00000,0x00000000e3a00000,0x00000000e4580000)
 ParOldGen       total 60928K, used 12084K [0x00000000a0000000, 0x00000000a3b80000, 0x00000000e0000000)
  object space 60928K, 19% used [0x00000000a0000000,0x00000000a0bcd250,0x00000000a3b80000)
 Metaspace       used 34638K, capacity 35262K, committed 35416K, reserved 1079296K
  class space    used 4762K, capacity 4946K, committed 4992K, reserved 1048576K
Event: 30.882 GC heap after
Heap after GC invocations=10 (full 2):
 PSYoungGen      total 53248K, used 0K [0x00000000e0000000, 0x00000000e5100000, 0x0000000100000000)
  eden space 46080K, 0% used [0x00000000e0000000,0x00000000e0000000,0x00000000e2d00000)
  from space 7168K, 0% used [0x00000000e4a00000,0x00000000e4a00000,0x00000000e5100000)
  to   space 11776K, 0% used [0x00000000e3a00000,0x00000000e3a00000,0x00000000e4580000)
 ParOldGen       total 67584K, used 16408K [0x00000000a0000000, 0x00000000a4200000, 0x00000000e0000000)
  object space 67584K, 24% used [0x00000000a0000000,0x00000000a1006338,0x00000000a4200000)
 Metaspace       used 34615K, capacity 35184K, committed 35416K, reserved 1079296K
  class space    used 4755K, capacity 4933K, committed 4992K, reserved 1048576K
}
Event: 35.737 GC heap before
{Heap before GC invocations=11 (full 2):
 PSYoungGen      total 53248K, used 46080K [0x00000000e0000000, 0x00000000e5100000, 0x0000000100000000)
  eden space 46080K, 100% used [0x00000000e0000000,0x00000000e2d00000,0x00000000e2d00000)
  from space 7168K, 0% used [0x00000000e4a00000,0x00000000e4a00000,0x00000000e5100000)
  to   space 11776K, 0% used [0x00000000e3a00000,0x00000000e3a00000,0x00000000e4580000)
 ParOldGen       total 67584K, used 16408K [0x00000000a0000000, 0x00000000a4200000, 0x00000000e0000000)
  object space 67584K, 24% used [0x00000000a0000000,0x00000000a1006338,0x00000000a4200000)
 Metaspace       used 40955K, capacity 41780K, committed 42200K, reserved 1085440K
  class space    used 5555K, capacity 5800K, committed 5888K, reserved 1048576K
Event: 35.741 GC heap after
Heap after GC invocations=11 (full 2):
 PSYoungGen      total 51712K, used 6418K [0x00000000e0000000, 0x00000000e4a80000, 0x0000000100000000)
  eden space 45056K, 0% used [0x00000000e0000000,0x00000000e0000000,0x00000000e2c00000)
  from space 6656K, 96% used [0x00000000e3a00000,0x00000000e4044938,0x00000000e4080000)
  to   space 10240K, 0% used [0x00000000e4080000,0x00000000e4080000,0x00000000e4a80000)
 ParOldGen       total 67584K, used 16416K [0x00000000a0000000, 0x00000000a4200000, 0x00000000e0000000)
  object space 67584K, 24% used [0x00000000a0000000,0x00000000a1008338,0x00000000a4200000)
 Metaspace       used 40955K, capacity 41780K, committed 42200K, reserved 1085440K
  class space    used 5555K, capacity 5800K, committed 5888K, reserved 1048576K
}
Event: 37.398 GC heap before
{Heap before GC invocations=12 (full 2):
 PSYoungGen      total 51712K, used 51474K [0x00000000e0000000, 0x00000000e4a80000, 0x0000000100000000)
  eden space 45056K, 100% used [0x00000000e0000000,0x00000000e2c00000,0x00000000e2c00000)
  from space 6656K, 96% used [0x00000000e3a00000,0x00000000e4044938,0x00000000e4080000)
  to   space 10240K, 0% used [0x00000000e4080000,0x00000000e4080000,0x00000000e4a80000)
 ParOldGen       total 67584K, used 16416K [0x00000000a0000000, 0x00000000a4200000, 0x00000000e0000000)
  object space 67584K, 24% used [0x00000000a0000000,0x00000000a1008338,0x00000000a4200000)
 Metaspace       used 44397K, capacity 45206K, committed 45656K, reserved 1089536K
  class space    used 5963K, capacity 6201K, committed 6272K, reserved 1048576K
Event: 37.404 GC heap after
Heap after GC invocations=12 (full 2):
 PSYoungGen      total 53248K, used 8802K [0x00000000e0000000, 0x00000000e4980000, 0x0000000100000000)
  eden space 44032K, 0% used [0x00000000e0000000,0x00000000e0000000,0x00000000e2b00000)
  from space 9216K, 95% used [0x00000000e4080000,0x00000000e4918900,0x00000000e4980000)
  to   space 11776K, 0% used [0x00000000e3280000,0x00000000e3280000,0x00000000e3e00000)
 ParOldGen       total 67584K, used 16424K [0x00000000a0000000, 0x00000000a4200000, 0x00000000e0000000)
  object space 67584K, 24% used [0x00000000a0000000,0x00000000a100a338,0x00000000a4200000)
 Metaspace       used 44397K, capacity 45206K, committed 45656K, reserved 1089536K
  class space    used 5963K, capacity 6201K, committed 6272K, reserved 1048576K
}

